<?xml version="1.0" encoding="UTF-8"?>
<!-- Generated by org.testng.reporters.JUnitXMLReporter -->
<testsuite ignored="0" hostname="DESKTOP-M0ACNOV" failures="0" tests="2" name="Test" time="0.082" errors="0" timestamp="2021-06-26T14:28:14 IST">
  <testcase classname="test.TestAPI" name="@BeforeTest setup" time="0.014">
    <failure type="java.nio.file.NoSuchFileException" message="C:\Users\PrathvirajMeenkeri\git\repository5\APIFramework\resource\Login.json">
      <![CDATA[java.nio.file.NoSuchFileException: C:\Users\PrathvirajMeenkeri\git\repository5\APIFramework\resource\Login.json
at java.base/sun.nio.fs.WindowsException.translateToIOException(WindowsException.java:85)
at java.base/sun.nio.fs.WindowsException.rethrowAsIOException(WindowsException.java:103)
at java.base/sun.nio.fs.WindowsException.rethrowAsIOException(WindowsException.java:108)
at java.base/sun.nio.fs.WindowsFileSystemProvider.newByteChannel(WindowsFileSystemProvider.java:235)
at java.base/java.nio.file.Files.newByteChannel(Files.java:373)
at java.base/java.nio.file.Files.newByteChannel(Files.java:424)
at java.base/java.nio.file.Files.readAllBytes(Files.java:3280)
at Utility.Payloadconvertor.genericpayloadstring(Payloadconvertor.java:14)
at Project.BaseTest.Login(BaseTest.java:26)
at test.TestAPI.setup(TestAPI.java:24)
... Removed 24 stack frames]]>
    </failure>
  </testcase> <!-- @BeforeTest setup -->
  <testcase classname="test.TestAPI" name="getallusers" time="0.001">
    <skipped/>
  </testcase> <!-- getallusers -->
  <testcase classname="test.TestAPI" name="deleteUser" time="0.0">
    <skipped/>
  </testcase> <!-- deleteUser -->
</testsuite> <!-- Test -->
